<?xml version="1.0" encoding="UTF-8"?>
<!-- Generated by org.testng.reporters.JUnitReportReporter -->
<testsuite hostname="DESKTOP-J7DCQRE" failures="0" tests="1" name="bdd.Runner" time="20.652" errors="0" timestamp="2024-09-13T19:03:14 IST" skipped="0">
  <testcase classname="bdd.Runner" name="runScenario" time="20.652"/>
</testsuite> <!-- bdd.Runner -->
