<?xml version="1.0" encoding="UTF-8"?>
<!-- Generated by org.testng.reporters.JUnitReportReporter -->
<testsuite hostname="DESKTOP-J7DCQRE" failures="0" tests="1" name="project_new.Alerts" time="14.449" errors="0" timestamp="2024-09-09T16:33:33 IST" skipped="0">
  <testcase classname="project_new.Alerts" name="frame" time="14.449"/>
</testsuite> <!-- project_new.Alerts -->
