<?xml version="1.0" encoding="UTF-8"?>
<!-- Generated by org.testng.reporters.JUnitReportReporter -->
<testsuite hostname="DESKTOP-J7DCQRE" failures="0" tests="3" name="project_new.New" time="25.289" errors="0" timestamp="2024-09-09T16:54:38 IST" skipped="0">
  <testcase classname="project_new.New" name="login" time="8.054"/>
  <testcase classname="project_new.New" name="login" time="12.635"/>
  <testcase classname="project_new.New" name="login" time="4.600"/>
</testsuite> <!-- project_new.New -->
