<?xml version="1.0" encoding="UTF-8"?>
<!-- Generated by org.testng.reporters.JUnitReportReporter -->
<testsuite hostname="DESKTOP-J7DCQRE" failures="0" tests="1" name="bdd.Robo" time="8.684" errors="0" timestamp="2024-09-13T19:09:22 IST" skipped="0">
  <testcase classname="bdd.Robo" name="start" time="8.684"/>
</testsuite> <!-- bdd.Robo -->
