<?xml version="1.0" encoding="UTF-8"?>
<!-- Generated by org.testng.reporters.JUnitReportReporter -->
<testsuite hostname="DESKTOP-J7DCQRE" failures="0" tests="3" name="project_new.SS" time="21.583" errors="0" timestamp="2024-09-09T16:39:03 IST" skipped="0">
  <testcase classname="project_new.SS" name="selectDropDown" time="6.583"/>
  <testcase classname="project_new.SS" name="selectDropDown" time="7.229"/>
  <testcase classname="project_new.SS" name="selectDropDown" time="7.771"/>
</testsuite> <!-- project_new.SS -->
